2013/11/24 03:54:20 [error] [php] include(Usuarios.php): failed to open stream: No such file or directory (C:\xampp\htdocs\YII\framework\YiiBase.php:427)
Stack trace:
#0 C:\xampp\htdocs\sistemaInfoPI\protected\components\UserIdentity.php(13): spl_autoload_call()
#1 C:\xampp\htdocs\sistemaInfoPI\protected\models\LoginForm.php(52): UserIdentity->authenticate()
#2 C:\xampp\htdocs\YII\framework\validators\CInlineValidator.php(42): LoginForm->authenticate()
#3 C:\xampp\htdocs\YII\framework\validators\CValidator.php(213): CInlineValidator->validateAttribute()
#4 C:\xampp\htdocs\YII\framework\base\CModel.php(159): CInlineValidator->validate()
#5 C:\xampp\htdocs\sistemaInfoPI\protected\controllers\SiteController.php(94): LoginForm->validate()
#6 C:\xampp\htdocs\YII\framework\web\actions\CInlineAction.php(49): SiteController->actionLogin()
#7 C:\xampp\htdocs\YII\framework\web\CController.php(308): CInlineAction->runWithParams()
#8 C:\xampp\htdocs\YII\framework\web\CController.php(286): SiteController->runAction()
#9 C:\xampp\htdocs\YII\framework\web\CController.php(265): SiteController->runActionWithFilters()
#10 C:\xampp\htdocs\YII\framework\web\CWebApplication.php(282): SiteController->run()
#11 C:\xampp\htdocs\YII\framework\web\CWebApplication.php(141): CWebApplication->runController()
#12 C:\xampp\htdocs\YII\framework\base\CApplication.php(180): CWebApplication->processRequest()
#13 C:\xampp\htdocs\sistemaInfoPI\index.php(13): CWebApplication->run()
REQUEST_URI=/sistemaInfoPI/index.php?r=site/login
in C:\xampp\htdocs\sistemaInfoPI\protected\components\UserIdentity.php (13)
in C:\xampp\htdocs\sistemaInfoPI\protected\models\LoginForm.php (52)
in C:\xampp\htdocs\sistemaInfoPI\protected\controllers\SiteController.php (94)
2013/11/24 03:55:56 [error] [php] include(Usuarios.php): failed to open stream: No such file or directory (C:\xampp\htdocs\YII\framework\YiiBase.php:427)
Stack trace:
#0 C:\xampp\htdocs\sistemaInfoPI\protected\components\UserIdentity.php(13): spl_autoload_call()
#1 C:\xampp\htdocs\sistemaInfoPI\protected\models\LoginForm.php(52): UserIdentity->authenticate()
#2 C:\xampp\htdocs\YII\framework\validators\CInlineValidator.php(42): LoginForm->authenticate()
#3 C:\xampp\htdocs\YII\framework\validators\CValidator.php(213): CInlineValidator->validateAttribute()
#4 C:\xampp\htdocs\YII\framework\base\CModel.php(159): CInlineValidator->validate()
#5 C:\xampp\htdocs\sistemaInfoPI\protected\controllers\SiteController.php(94): LoginForm->validate()
#6 C:\xampp\htdocs\YII\framework\web\actions\CInlineAction.php(49): SiteController->actionLogin()
#7 C:\xampp\htdocs\YII\framework\web\CController.php(308): CInlineAction->runWithParams()
#8 C:\xampp\htdocs\YII\framework\web\CController.php(286): SiteController->runAction()
#9 C:\xampp\htdocs\YII\framework\web\CController.php(265): SiteController->runActionWithFilters()
#10 C:\xampp\htdocs\YII\framework\web\CWebApplication.php(282): SiteController->run()
#11 C:\xampp\htdocs\YII\framework\web\CWebApplication.php(141): CWebApplication->runController()
#12 C:\xampp\htdocs\YII\framework\base\CApplication.php(180): CWebApplication->processRequest()
#13 C:\xampp\htdocs\sistemaInfoPI\index.php(13): CWebApplication->run()
REQUEST_URI=/sistemaInfoPI/index.php?r=site/login
in C:\xampp\htdocs\sistemaInfoPI\protected\components\UserIdentity.php (13)
in C:\xampp\htdocs\sistemaInfoPI\protected\models\LoginForm.php (52)
in C:\xampp\htdocs\sistemaInfoPI\protected\controllers\SiteController.php (94)
2013/11/24 04:06:34 [error] [php] include(MasterAdmin.php): failed to open stream: No such file or directory (C:\xampp\htdocs\YII\framework\YiiBase.php:427)
Stack trace:
#0 C:\xampp\htdocs\sistemaInfoPI\protected\models\Pacientes.php(60): spl_autoload_call()
#1 C:\xampp\htdocs\YII\framework\YiiBase.php(427): include()
#2 unknown(0): autoload()
#3 C:\xampp\htdocs\YII\framework\db\ar\CActiveRecord.php(395): spl_autoload_call()
#4 C:\xampp\htdocs\YII\framework\web\CActiveDataProvider.php(165): model()
#5 C:\xampp\htdocs\YII\framework\web\CActiveDataProvider.php(87): CActiveDataProvider->getModel()
#6 C:\xampp\htdocs\sistemaInfoPI\protected\controllers\PacientesController.php(140): CActiveDataProvider->__construct()
#7 C:\xampp\htdocs\YII\framework\web\actions\CInlineAction.php(49): PacientesController->actionIndex()
#8 C:\xampp\htdocs\YII\framework\web\CController.php(308): CInlineAction->runWithParams()
#9 C:\xampp\htdocs\YII\framework\web\filters\CFilterChain.php(133): PacientesController->runAction()
#10 C:\xampp\htdocs\YII\framework\web\filters\CFilter.php(40): CFilterChain->run()
#11 C:\xampp\htdocs\YII\framework\web\CController.php(1145): CAccessControlFilter->filter()
#12 C:\xampp\htdocs\YII\framework\web\filters\CInlineFilter.php(58): PacientesController->filterAccessControl()
#13 C:\xampp\htdocs\YII\framework\web\filters\CFilterChain.php(130): CInlineFilter->filter()
#14 C:\xampp\htdocs\YII\framework\web\CController.php(291): CFilterChain->run()
#15 C:\xampp\htdocs\YII\framework\web\CController.php(265): PacientesController->runActionWithFilters()
#16 C:\xampp\htdocs\YII\framework\web\CWebApplication.php(282): PacientesController->run()
#17 C:\xampp\htdocs\YII\framework\web\CWebApplication.php(141): CWebApplication->runController()
#18 C:\xampp\htdocs\YII\framework\base\CApplication.php(180): CWebApplication->processRequest()
#19 C:\xampp\htdocs\sistemaInfoPI\index.php(13): CWebApplication->run()
REQUEST_URI=/sistemaInfoPI/index.php?r=pacientes/index
in C:\xampp\htdocs\sistemaInfoPI\protected\models\Pacientes.php (60)
in C:\xampp\htdocs\sistemaInfoPI\protected\controllers\PacientesController.php (140)
in C:\xampp\htdocs\sistemaInfoPI\index.php (13)
2013/11/24 04:08:56 [error] [php] include(Genero.php): failed to open stream: No such file or directory (C:\xampp\htdocs\YII\framework\YiiBase.php:427)
Stack trace:
#0 C:\xampp\htdocs\YII\framework\db\ar\CActiveRecord.php(395): spl_autoload_call()
#1 C:\xampp\htdocs\YII\framework\db\ar\CActiveFinder.php(182): model()
#2 C:\xampp\htdocs\YII\framework\db\ar\CActiveFinder.php(230): CActiveFinder->getModel()
#3 C:\xampp\htdocs\YII\framework\db\ar\CActiveFinder.php(48): CActiveFinder->buildJoinTree()
#4 C:\xampp\htdocs\YII\framework\db\ar\CActiveRecord.php(909): CActiveFinder->__construct()
#5 C:\xampp\htdocs\YII\framework\db\ar\CActiveRecord.php(280): Pacientes->getActiveFinder()
#6 C:\xampp\htdocs\YII\framework\db\ar\CActiveRecord.php(143): Pacientes->getRelated()
#7 C:\xampp\htdocs\sistemaInfoPI\protected\views\pacientes\_view.php(29): Pacientes->__get()
#8 C:\xampp\htdocs\YII\framework\web\CBaseController.php(130): require()
#9 C:\xampp\htdocs\YII\framework\web\CBaseController.php(95): PacientesController->renderInternal()
#10 C:\xampp\htdocs\YII\framework\zii\widgets\CListView.php(291): PacientesController->renderFile()
#11 C:\xampp\htdocs\YII\framework\zii\widgets\CBaseListView.php(167): CListView->renderItems()
#12 unknown(0): CListView->renderSection()
#13 C:\xampp\htdocs\YII\framework\zii\widgets\CBaseListView.php(150): preg_replace_callback()
#14 C:\xampp\htdocs\YII\framework\zii\widgets\CBaseListView.php(135): CListView->renderContent()
#15 C:\xampp\htdocs\YII\framework\web\CBaseController.php(173): CListView->run()
#16 C:\xampp\htdocs\sistemaInfoPI\protected\views\pacientes\index.php(26): PacientesController->widget()
#17 C:\xampp\htdocs\YII\framework\web\CBaseController.php(126): require()
#18 C:\xampp\htdocs\YII\framework\web\CBaseController.php(95): PacientesController->renderInternal()
#19 C:\xampp\htdocs\YII\framework\web\CController.php(869): PacientesController->renderFile()
#20 C:\xampp\htdocs\YII\framework\web\CController.php(782): PacientesController->renderPartial()
#21 C:\xampp\htdocs\sistemaInfoPI\protected\controllers\PacientesController.php(143): PacientesController->render()
#22 C:\xampp\htdocs\YII\framework\web\actions\CInlineAction.php(49): PacientesController->actionIndex()
#23 C:\xampp\htdocs\YII\framework\web\CController.php(308): CInlineAction->runWithParams()
#24 C:\xampp\htdocs\YII\framework\web\filters\CFilterChain.php(133): PacientesController->runAction()
#25 C:\xampp\htdocs\YII\framework\web\filters\CFilter.php(40): CFilterChain->run()
#26 C:\xampp\htdocs\YII\framework\web\CController.php(1145): CAccessControlFilter->filter()
#27 C:\xampp\htdocs\YII\framework\web\filters\CInlineFilter.php(58): PacientesController->filterAccessControl()
#28 C:\xampp\htdocs\YII\framework\web\filters\CFilterChain.php(130): CInlineFilter->filter()
#29 C:\xampp\htdocs\YII\framework\web\CController.php(291): CFilterChain->run()
#30 C:\xampp\htdocs\YII\framework\web\CController.php(265): PacientesController->runActionWithFilters()
#31 C:\xampp\htdocs\YII\framework\web\CWebApplication.php(282): PacientesController->run()
#32 C:\xampp\htdocs\YII\framework\web\CWebApplication.php(141): CWebApplication->runController()
#33 C:\xampp\htdocs\YII\framework\base\CApplication.php(180): CWebApplication->processRequest()
#34 C:\xampp\htdocs\sistemaInfoPI\index.php(13): CWebApplication->run()
REQUEST_URI=/sistemaInfoPI/index.php?r=pacientes/index
in C:\xampp\htdocs\sistemaInfoPI\protected\views\pacientes\_view.php (29)
in C:\xampp\htdocs\sistemaInfoPI\protected\views\pacientes\index.php (26)
in C:\xampp\htdocs\sistemaInfoPI\protected\controllers\PacientesController.php (143)
2013/11/24 04:09:28 [error] [php] include(MasterAdmin.php): failed to open stream: No such file or directory (C:\xampp\htdocs\YII\framework\YiiBase.php:427)
Stack trace:
#0 C:\xampp\htdocs\sistemaInfoPI\protected\models\Genero.php(14): spl_autoload_call()
#1 C:\xampp\htdocs\YII\framework\YiiBase.php(427): include()
#2 unknown(0): autoload()
#3 C:\xampp\htdocs\YII\framework\db\ar\CActiveRecord.php(395): spl_autoload_call()
#4 C:\xampp\htdocs\YII\framework\db\ar\CActiveFinder.php(182): model()
#5 C:\xampp\htdocs\YII\framework\db\ar\CActiveFinder.php(230): CActiveFinder->getModel()
#6 C:\xampp\htdocs\YII\framework\db\ar\CActiveFinder.php(48): CActiveFinder->buildJoinTree()
#7 C:\xampp\htdocs\YII\framework\db\ar\CActiveRecord.php(909): CActiveFinder->__construct()
#8 C:\xampp\htdocs\YII\framework\db\ar\CActiveRecord.php(280): Pacientes->getActiveFinder()
#9 C:\xampp\htdocs\YII\framework\db\ar\CActiveRecord.php(143): Pacientes->getRelated()
#10 C:\xampp\htdocs\sistemaInfoPI\protected\views\pacientes\_view.php(29): Pacientes->__get()
#11 C:\xampp\htdocs\YII\framework\web\CBaseController.php(130): require()
#12 C:\xampp\htdocs\YII\framework\web\CBaseController.php(95): PacientesController->renderInternal()
#13 C:\xampp\htdocs\YII\framework\zii\widgets\CListView.php(291): PacientesController->renderFile()
#14 C:\xampp\htdocs\YII\framework\zii\widgets\CBaseListView.php(167): CListView->renderItems()
#15 unknown(0): CListView->renderSection()
#16 C:\xampp\htdocs\YII\framework\zii\widgets\CBaseListView.php(150): preg_replace_callback()
#17 C:\xampp\htdocs\YII\framework\zii\widgets\CBaseListView.php(135): CListView->renderContent()
#18 C:\xampp\htdocs\YII\framework\web\CBaseController.php(173): CListView->run()
#19 C:\xampp\htdocs\sistemaInfoPI\protected\views\pacientes\index.php(26): PacientesController->widget()
#20 C:\xampp\htdocs\YII\framework\web\CBaseController.php(126): require()
#21 C:\xampp\htdocs\YII\framework\web\CBaseController.php(95): PacientesController->renderInternal()
#22 C:\xampp\htdocs\YII\framework\web\CController.php(869): PacientesController->renderFile()
#23 C:\xampp\htdocs\YII\framework\web\CController.php(782): PacientesController->renderPartial()
#24 C:\xampp\htdocs\sistemaInfoPI\protected\controllers\PacientesController.php(143): PacientesController->render()
#25 C:\xampp\htdocs\YII\framework\web\actions\CInlineAction.php(49): PacientesController->actionIndex()
#26 C:\xampp\htdocs\YII\framework\web\CController.php(308): CInlineAction->runWithParams()
#27 C:\xampp\htdocs\YII\framework\web\filters\CFilterChain.php(133): PacientesController->runAction()
#28 C:\xampp\htdocs\YII\framework\web\filters\CFilter.php(40): CFilterChain->run()
#29 C:\xampp\htdocs\YII\framework\web\CController.php(1145): CAccessControlFilter->filter()
#30 C:\xampp\htdocs\YII\framework\web\filters\CInlineFilter.php(58): PacientesController->filterAccessControl()
#31 C:\xampp\htdocs\YII\framework\web\filters\CFilterChain.php(130): CInlineFilter->filter()
#32 C:\xampp\htdocs\YII\framework\web\CController.php(291): CFilterChain->run()
#33 C:\xampp\htdocs\YII\framework\web\CController.php(265): PacientesController->runActionWithFilters()
#34 C:\xampp\htdocs\YII\framework\web\CWebApplication.php(282): PacientesController->run()
#35 C:\xampp\htdocs\YII\framework\web\CWebApplication.php(141): CWebApplication->runController()
#36 C:\xampp\htdocs\YII\framework\base\CApplication.php(180): CWebApplication->processRequest()
#37 C:\xampp\htdocs\sistemaInfoPI\index.php(13): CWebApplication->run()
REQUEST_URI=/sistemaInfoPI/index.php?r=pacientes/index
in C:\xampp\htdocs\sistemaInfoPI\protected\models\Genero.php (14)
in C:\xampp\htdocs\sistemaInfoPI\protected\views\pacientes\_view.php (29)
in C:\xampp\htdocs\sistemaInfoPI\protected\views\pacientes\index.php (26)
2013/11/24 04:09:50 [error] [php] include(NivelEscolar.php): failed to open stream: No such file or directory (C:\xampp\htdocs\YII\framework\YiiBase.php:427)
Stack trace:
#0 C:\xampp\htdocs\YII\framework\db\ar\CActiveRecord.php(395): spl_autoload_call()
#1 C:\xampp\htdocs\YII\framework\db\ar\CActiveFinder.php(182): model()
#2 C:\xampp\htdocs\YII\framework\db\ar\CActiveFinder.php(230): CActiveFinder->getModel()
#3 C:\xampp\htdocs\YII\framework\db\ar\CActiveFinder.php(48): CActiveFinder->buildJoinTree()
#4 C:\xampp\htdocs\YII\framework\db\ar\CActiveRecord.php(909): CActiveFinder->__construct()
#5 C:\xampp\htdocs\YII\framework\db\ar\CActiveRecord.php(280): Pacientes->getActiveFinder()
#6 C:\xampp\htdocs\YII\framework\db\ar\CActiveRecord.php(143): Pacientes->getRelated()
#7 C:\xampp\htdocs\sistemaInfoPI\protected\views\pacientes\_view.php(33): Pacientes->__get()
#8 C:\xampp\htdocs\YII\framework\web\CBaseController.php(130): require()
#9 C:\xampp\htdocs\YII\framework\web\CBaseController.php(95): PacientesController->renderInternal()
#10 C:\xampp\htdocs\YII\framework\zii\widgets\CListView.php(291): PacientesController->renderFile()
#11 C:\xampp\htdocs\YII\framework\zii\widgets\CBaseListView.php(167): CListView->renderItems()
#12 unknown(0): CListView->renderSection()
#13 C:\xampp\htdocs\YII\framework\zii\widgets\CBaseListView.php(150): preg_replace_callback()
#14 C:\xampp\htdocs\YII\framework\zii\widgets\CBaseListView.php(135): CListView->renderContent()
#15 C:\xampp\htdocs\YII\framework\web\CBaseController.php(173): CListView->run()
#16 C:\xampp\htdocs\sistemaInfoPI\protected\views\pacientes\index.php(26): PacientesController->widget()
#17 C:\xampp\htdocs\YII\framework\web\CBaseController.php(126): require()
#18 C:\xampp\htdocs\YII\framework\web\CBaseController.php(95): PacientesController->renderInternal()
#19 C:\xampp\htdocs\YII\framework\web\CController.php(869): PacientesController->renderFile()
#20 C:\xampp\htdocs\YII\framework\web\CController.php(782): PacientesController->renderPartial()
#21 C:\xampp\htdocs\sistemaInfoPI\protected\controllers\PacientesController.php(143): PacientesController->render()
#22 C:\xampp\htdocs\YII\framework\web\actions\CInlineAction.php(49): PacientesController->actionIndex()
#23 C:\xampp\htdocs\YII\framework\web\CController.php(308): CInlineAction->runWithParams()
#24 C:\xampp\htdocs\YII\framework\web\filters\CFilterChain.php(133): PacientesController->runAction()
#25 C:\xampp\htdocs\YII\framework\web\filters\CFilter.php(40): CFilterChain->run()
#26 C:\xampp\htdocs\YII\framework\web\CController.php(1145): CAccessControlFilter->filter()
#27 C:\xampp\htdocs\YII\framework\web\filters\CInlineFilter.php(58): PacientesController->filterAccessControl()
#28 C:\xampp\htdocs\YII\framework\web\filters\CFilterChain.php(130): CInlineFilter->filter()
#29 C:\xampp\htdocs\YII\framework\web\CController.php(291): CFilterChain->run()
#30 C:\xampp\htdocs\YII\framework\web\CController.php(265): PacientesController->runActionWithFilters()
#31 C:\xampp\htdocs\YII\framework\web\CWebApplication.php(282): PacientesController->run()
#32 C:\xampp\htdocs\YII\framework\web\CWebApplication.php(141): CWebApplication->runController()
#33 C:\xampp\htdocs\YII\framework\base\CApplication.php(180): CWebApplication->processRequest()
#34 C:\xampp\htdocs\sistemaInfoPI\index.php(13): CWebApplication->run()
REQUEST_URI=/sistemaInfoPI/index.php?r=pacientes/index
in C:\xampp\htdocs\sistemaInfoPI\protected\views\pacientes\_view.php (33)
in C:\xampp\htdocs\sistemaInfoPI\protected\views\pacientes\index.php (26)
in C:\xampp\htdocs\sistemaInfoPI\protected\controllers\PacientesController.php (143)
2013/11/24 04:10:21 [error] [php] include(Ciudades.php): failed to open stream: No such file or directory (C:\xampp\htdocs\YII\framework\YiiBase.php:427)
Stack trace:
#0 C:\xampp\htdocs\YII\framework\db\ar\CActiveRecord.php(395): spl_autoload_call()
#1 C:\xampp\htdocs\YII\framework\db\ar\CActiveFinder.php(182): model()
#2 C:\xampp\htdocs\YII\framework\db\ar\CActiveFinder.php(230): CActiveFinder->getModel()
#3 C:\xampp\htdocs\YII\framework\db\ar\CActiveFinder.php(48): CActiveFinder->buildJoinTree()
#4 C:\xampp\htdocs\YII\framework\db\ar\CActiveRecord.php(909): CActiveFinder->__construct()
#5 C:\xampp\htdocs\YII\framework\db\ar\CActiveRecord.php(280): Pacientes->getActiveFinder()
#6 C:\xampp\htdocs\YII\framework\db\ar\CActiveRecord.php(143): Pacientes->getRelated()
#7 C:\xampp\htdocs\sistemaInfoPI\protected\views\pacientes\_view.php(37): Pacientes->__get()
#8 C:\xampp\htdocs\YII\framework\web\CBaseController.php(130): require()
#9 C:\xampp\htdocs\YII\framework\web\CBaseController.php(95): PacientesController->renderInternal()
#10 C:\xampp\htdocs\YII\framework\zii\widgets\CListView.php(291): PacientesController->renderFile()
#11 C:\xampp\htdocs\YII\framework\zii\widgets\CBaseListView.php(167): CListView->renderItems()
#12 unknown(0): CListView->renderSection()
#13 C:\xampp\htdocs\YII\framework\zii\widgets\CBaseListView.php(150): preg_replace_callback()
#14 C:\xampp\htdocs\YII\framework\zii\widgets\CBaseListView.php(135): CListView->renderContent()
#15 C:\xampp\htdocs\YII\framework\web\CBaseController.php(173): CListView->run()
#16 C:\xampp\htdocs\sistemaInfoPI\protected\views\pacientes\index.php(26): PacientesController->widget()
#17 C:\xampp\htdocs\YII\framework\web\CBaseController.php(126): require()
#18 C:\xampp\htdocs\YII\framework\web\CBaseController.php(95): PacientesController->renderInternal()
#19 C:\xampp\htdocs\YII\framework\web\CController.php(869): PacientesController->renderFile()
#20 C:\xampp\htdocs\YII\framework\web\CController.php(782): PacientesController->renderPartial()
#21 C:\xampp\htdocs\sistemaInfoPI\protected\controllers\PacientesController.php(143): PacientesController->render()
#22 C:\xampp\htdocs\YII\framework\web\actions\CInlineAction.php(49): PacientesController->actionIndex()
#23 C:\xampp\htdocs\YII\framework\web\CController.php(308): CInlineAction->runWithParams()
#24 C:\xampp\htdocs\YII\framework\web\filters\CFilterChain.php(133): PacientesController->runAction()
#25 C:\xampp\htdocs\YII\framework\web\filters\CFilter.php(40): CFilterChain->run()
#26 C:\xampp\htdocs\YII\framework\web\CController.php(1145): CAccessControlFilter->filter()
#27 C:\xampp\htdocs\YII\framework\web\filters\CInlineFilter.php(58): PacientesController->filterAccessControl()
#28 C:\xampp\htdocs\YII\framework\web\filters\CFilterChain.php(130): CInlineFilter->filter()
#29 C:\xampp\htdocs\YII\framework\web\CController.php(291): CFilterChain->run()
#30 C:\xampp\htdocs\YII\framework\web\CController.php(265): PacientesController->runActionWithFilters()
#31 C:\xampp\htdocs\YII\framework\web\CWebApplication.php(282): PacientesController->run()
#32 C:\xampp\htdocs\YII\framework\web\CWebApplication.php(141): CWebApplication->runController()
#33 C:\xampp\htdocs\YII\framework\base\CApplication.php(180): CWebApplication->processRequest()
#34 C:\xampp\htdocs\sistemaInfoPI\index.php(13): CWebApplication->run()
REQUEST_URI=/sistemaInfoPI/index.php?r=pacientes/index
in C:\xampp\htdocs\sistemaInfoPI\protected\views\pacientes\_view.php (37)
in C:\xampp\htdocs\sistemaInfoPI\protected\views\pacientes\index.php (26)
in C:\xampp\htdocs\sistemaInfoPI\protected\controllers\PacientesController.php (143)
2013/11/24 04:16:53 [error] [exception.CHttpException.404] exception 'CHttpException' with message 'Unable to resolve the request "lugares/departamentos".' in C:\xampp\htdocs\YII\framework\web\CWebApplication.php:286
Stack trace:
#0 C:\xampp\htdocs\YII\framework\web\CWebApplication.php(141): CWebApplication->runController('lugares/departa...')
#1 C:\xampp\htdocs\YII\framework\base\CApplication.php(180): CWebApplication->processRequest()
#2 C:\xampp\htdocs\sistemaInfoPI\index.php(13): CApplication->run()
#3 {main}
REQUEST_URI=/sistemaInfoPI/index.php?r=lugares/departamentos
HTTP_REFERER=http://localhost/sistemaInfoPI/index.php?r=pacientes/create
---
